<?xml version="1.0" encoding="UTF-8"?>
<!-- Generated by org.testng.reporters.JUnitReportReporter -->
<testsuite hostname="Suni" failures="0" tests="2" name="scripts.TC3" time="0.009" errors="0" timestamp="2024-07-05T08:19:32 IST" skipped="0">
  <testcase classname="scripts.TC3" name="testlogout" time="0.004"/>
  <testcase classname="scripts.TC3" name="testLogin" time="0.005"/>
  <system-out>
    <![CDATA[Google
Google]]>
  </system-out>
</testsuite> <!-- scripts.TC3 -->
