<?xml version="1.0" encoding="UTF-8"?>
<!-- Generated by org.testng.reporters.JUnitReportReporter -->
<testsuite hostname="Suni" failures="0" tests="1" name="scripts.TC1" time="24.588" errors="0" timestamp="2024-07-09T08:38:12 IST" skipped="0">
  <testcase classname="scripts.TC1" name="test1" time="24.588"/>
</testsuite> <!-- scripts.TC1 -->
