<?xml version="1.0" encoding="UTF-8"?>
<!-- Generated by org.testng.reporters.JUnitReportReporter -->
<testsuite hostname="Suni" failures="0" tests="1" name="scripts.TC2" time="8.855" errors="0" timestamp="2024-07-05T08:19:32 IST" skipped="0">
  <testcase classname="scripts.TC2" name="test2" time="8.855">
    <system-out>
      <![CDATA[Google]]>
    </system-out>
  </testcase> <!-- test2 -->
  <system-out>
    <![CDATA[Google
Google]]>
  </system-out>
</testsuite> <!-- scripts.TC2 -->
